155175 62
155176 62
155177 62
155178 62
155334 62
155395 62
155396 62
155397 62
155608 62
155962 62
155963 62
155964 62
155965 62
155966 62
155967 62
155968 62
156026 62
156027 62
156028 62
156029 62
156068 62
156070 62
156071 62
156073 62
156138 62
156140 62
156142 62
156143 62
156144 62
156145 62
156147 62
156194 62
156195 62
156196 62
156274 62
156402 62
156424 62
156425 62
156429 62
156492 62
156704 62
156706 62
156788 62
156827 62
156845 62
156847 62
156848 62
156852 62
156853 62
156960 62
156969 62
157163 62
157199 62
157200 62
157201 62
157202 62
157203 62
157272 62
157288 62
157292 62
157293 62
157294 62
157295 62
157321 62
157322 62
157323 62
157324 62
157325 62
157326 62
157327 62
157341 62
157343 62
157344 62
157345 62
157374 62
157375 62
157376 62
157377 62
157379 62
157396 62
157397 62
157398 62
157399 62
157400 62
157401 62
157402 62
157403 62
157422 62
157425 62
157426 62
157441 62
157443 62
157445 62
157446 62
157464 62
157466 62
157468 62
157469 62
157470 62
157499 62
157500 62
157518 62
157519 62
157521 62
157568 62
157570 62
157571 62
157572 62
157744 62
157859 62
157911 62
157966 62
158040 62
158114 62
158115 62
158253 62
158418 62
158478 62
158581 62
158777 62
158796 62
158797 62
159094 62
159095 62
159096 62
