155947 62
155983 62
156064 62
156074 62
156146 62
156625 62
156670 62
156703 62
156705 62
156926 62
156995 62
157291 62
157329 62
157330 62
157342 62
157357 62
157382 62
157383 62
157404 62
157423 62
157424 62
157427 62
157428 62
157442 62
157444 62
157448 62
157449 62
157471 62
157479 62
157511 62
157522 62
157533 62
157573 62
157683 62
157684 62
157703 62
157857 62
157858 62
157909 62
157910 62
157964 62
157965 62
157969 62
158232 62
158254 62
158285 62
158359 62
158387 62
158419 62
158420 62
158428 62
158429 62
158457 62
158479 62
158480 62
158512 62
158578 62
158776 62
158795 62
158846 62
158847 62
158874 62
158875 62
158893 62
158895 62
158896 62
159000 62
159001 62
159027 62
159053 62
159054 62
