154828 30
154843 30
154846 30
154872 30
155010 30
155047 30
155054 30
155057 30
155059 30
155172 62
155173 62
155201 30
155202 30
155204 30
155206 30
155243 30
155245 30
155282 30
155285 30
155314 30
155377 30
155447 30
155488 30
156067 62
157879 62
158331 54
158332 54
158360 62
158361 62
158362 62
158388 62
158389 62
158430 62
158431 62
158458 62
158459 62
158486 62
158487 62
158488 62
158489 62
158491 62
158492 62
158519 62
158520 62
158521 62
158534 30
158535 30
158536 30
158579 62
158580 62
158582 62
158598 62
158600 62
158614 62
158848 62
158849 62
158876 62
158879 62
158880 62
158897 62
158898 62
158899 62
158913 62
158960 62
158983 62
159002 62
159003 62
159004 62
159005 62
159007 62
159008 62
159028 62
159029 62
159030 62
159031 62
159033 62
159034 62
159055 62
159056 62
159057 62
159060 62
159061 62
159086 62
159089 62
159107 62
159134 62
159135 62
159160 62
159408 62
159409 62
159423 62
159424 62
159425 62
159426 62
159446 62
159447 62
159448 62
159449 62
159465 62
159466 62
159467 62
159468 62
159470 62
159471 62
159492 62
159493 62
159494 62
159495 62
159497 62
159498 62
159499 62
159516 62
159518 62
159519 62
159520 62
159523 62
159524 62
159540 62
159542 62
159543 62
159544 62
159545 62
159547 62
159548 62
159549 62
159570 62
159571 62
159572 62
159573 62
159574 62
159608 30
159609 30
159610 30
159611 30
159612 30
159615 30
159616 30
159625 30
159638 62
159639 62
159640 62
159641 62
159642 62
159645 62
159655 62
159656 62
159675 62
159677 62
159678 62
159679 62
159687 62
159700 62
159701 62
159702 62
159703 62
159704 62
159707 62
159716 62
159729 62
159730 62
159732 62
159733 62
159762 62
159763 62
159764 62
159765 62
159766 62
159767 62
159779 62
159803 62
159804 62
159815 62
159841 62
159889 62
159924 62
159940 62
159967 62
160025 62
160038 30
161726 62
161746 62
162008 30
162354 62
162383 62
162411 62
162439 62
162548 62
162642 62
162797 62
163227 62
163235 62
163248 62
163257 62
163268 62
163338 62
163366 62
163373 62
163374 62
166098 62
166117 62
166152 62
