155172 62
155173 62
155174 62
155179 62
155246 62
155335 62
155336 62
155360 62
155392 62
155393 62
155398 62
155399 62
155411 62
158396 62
158430 62
158437 62
158458 62
158465 62
158487 62
158488 62
158489 62
158519 62
158520 62
158527 62
158528 62
158579 62
158580 62
158586 62
158587 62
158588 62
158598 62
158604 62
158605 62
158606 62
158619 62
158620 62
158621 62
158632 62
158633 62
158634 62
158643 62
158697 62
158698 62
158876 62
158899 62
158913 62
158960 62
158982 62
158983 62
159004 62
159005 62
159006 62
159007 62
159029 62
159030 62
159031 62
159032 62
159033 62
159036 62
159057 62
159060 62
159063 62
159064 62
159065 62
