155946 62
155982 62
156065 62
156094 62
156098 62
156137 62
156621 62
156622 62
156623 62
156624 62
156666 62
156667 62
156668 62
156669 62
156700 62
156701 62
156702 62
156930 62
156931 62
156999 62
157027 62
157028 62
157029 62
157358 62
157359 62
157360 62
157363 62
157364 62
157384 62
157385 62
157386 62
157387 62
157388 62
157389 62
157406 62
157407 62
157409 62
157410 62
157411 62
157412 62
157429 62
157430 62
157431 62
157432 62
157433 62
157434 62
157435 62
157451 62
157452 62
157453 62
157454 62
157455 62
157456 62
157472 62
157473 62
157475 62
157476 62
157477 62
157478 62
157506 62
157507 62
157508 62
157509 62
157510 62
157528 62
157529 62
157530 62
157531 62
157532 62
157574 62
157575 62
157578 62
157681 62
157682 62
157823 62
157851 62
157853 62
157854 62
157855 62
157856 62
157860 62
157861 62
157907 62
157908 62
157912 62
157913 62
157960 62
157961 62
157962 62
157963 62
157968 62
158255 62
158287 62
158288 62
158355 62
158356 62
158358 62
158382 62
158383 62
158384 62
158385 62
158386 62
158391 62
158392 62
158421 62
158423 62
158424 62
158425 62
158426 62
158427 62
158434 62
158452 62
158453 62
158454 62
158455 62
158456 62
158462 62
158481 62
158483 62
158484 62
158485 62
158513 62
158514 62
158515 62
158516 62
158524 62
158559 62
158577 62
158584 62
158616 62
158629 62
158762 62
158771 62
158772 62
158773 62
158774 62
158775 62
158790 62
158791 62
158792 62
158793 62
158794 62
158838 62
158839 62
158840 62
158841 62
158842 62
158843 62
158844 62
158867 62
158868 62
158869 62
158870 62
158871 62
158872 62
158873 62
158888 62
158889 62
158890 62
158891 62
158892 62
158894 62
158995 62
158999 62
159021 62
159022 62
159023 62
159024 62
159025 62
159026 62
159049 62
159050 62
159051 62
159052 62
